make all --print-data-base --no-builtin-variables --no-builtin-rules --question
# GNU Make 3.82
# Built for x86_64-redhat-linux-gnu
# Copyright (C) 2010  Free Software Foundation, Inc.
# License GPLv3+: GNU GPL version 3 or later <http://gnu.org/licenses/gpl.html>
# This is free software: you are free to change and redistribute it.
# There is NO WARRANTY, to the extent permitted by law.
 

# Make data base, printed on Tue Jul 19 14:12:27 2022

# Variables

# automatic
<D = $(patsubst %/,%,$(dir $<))
# automatic
?F = $(notdir $?)
# environment
DESKTOP_SESSION = gnome-classic
# default
.SHELLFLAGS := -c
# environment
QTDIR = /usr/lib64/qt-3.3
# environment
XDG_SESSION_TYPE = x11
# environment
MODULEPATH = /usr/share/Modules/modulefiles:/etc/modulefiles:/home/csunix/linux/apps/CentOS7/modulefiles
# environment
NLTK_DATA = /home/csunix/nlplib/nltk_data
# automatic
?D = $(patsubst %/,%,$(dir $?))
# automatic
@D = $(patsubst %/,%,$(dir $@))
# environment
XAUTHORITY = /run/gdm/auth-for-sc21jr-x2B0x6/database
# environment
GDMSESSION = gnome-classic
# environment
XMODIFIERS = @im=ibus
# makefile
CURDIR := /home/cserv1_a/soc_msc/sc21jr/source/repos/c/comp1921/assignment_1
# makefile
SHELL = /bin/sh
# environment
GDM_LANG = en_GB.UTF-8
# environment
VTE_VERSION = 5204
# environment
VSCODE_NLS_CONFIG = {"locale":"en-gb","availableLanguages":{},"_languagePackSupport":true}
# environment
_ = /usr/bin/make
# environment
LESSOPEN = ||/usr/bin/lesspipe.sh %s
# makefile (from `makefile', line 1)
MAKEFILE_LIST :=  makefile
# environment
JAVA_HOME = /usr/lib/jvm/java-openjdk
# automatic
@F = $(notdir $@)
# environment
HISTCONTROL = ignoredups
# environment
USERNAME = sc21jr
# environment
XDG_DATA_DIRS = /home/csunix/sc21jr/.local/share/flatpak/exports/share/:/var/lib/flatpak/exports/share/:/usr/local/share/:/usr/share/
# environment
DBUS_SESSION_BUS_ADDRESS = unix:abstract=/tmp/dbus-dFQ41U0xhZ,guid=f97adaae1efc8870ce146fad62d6986e
# environment
VSCODE_LOGS = /home/csunix/sc21jr/.config/Code/logs/20220719T141031
# environment
QT_PLUGIN_PATH = /usr/lib64/kde4/plugins:/usr/lib/kde4/plugins
# environment
VSCODE_IPC_HOOK_EXTHOST = /tmp/vscode-ipc-45857f89-b625-494d-8d26-f24df163eca1.sock
# environment
KRB5CCNAME = KEYRING:persistent:552650
# environment
PATH = /usr/lib64/qt-3.3/bin:/usr/local/bin:/usr/local/sbin:/usr/bin:/usr/sbin:/bin:/sbin:/home/csunix/sc21jr/bin:/home/csunix/sc21jr/.local/bin
# environment
QT_GRAPHICSSYSTEM_CHECKED = 1
# environment
SESSION_MANAGER = local/unix:@/tmp/.ICE-unix/14444,unix/unix:/tmp/.ICE-unix/14444
# environment
XDG_RUNTIME_DIR = /run/user/552650
# makefile (from `makefile', line 3)
CCFLAGS = -g -std=c99 -fmax-errors=1 -Wall -Werror
# environment
XDG_MENU_PREFIX = gnome-
# environment
VSCODE_LOG_STACK = false
# makefile (from `makefile', line 5)
MAINS = pgmEcho pgmComp pgma2b pgmb2a pgmReduce pgmTile
# environment
ELECTRON_RUN_AS_NODE = 1
# default
.FEATURES := target-specific order-only second-expansion else-if shortest-stem undefine oneshell archives jobserver check-symlink
# makefile (from `makefile', line 4)
MODULES = pgmImage.o pgmErrors.o pgmRead.o pgmWrite.o
# environment
LS_COLORS = rs=0:di=38;5;27:ln=38;5;51:mh=44;38;5;15:pi=40;38;5;11:so=38;5;13:do=38;5;5:bd=48;5;232;38;5;11:cd=48;5;232;38;5;3:or=48;5;232;38;5;9:mi=05;48;5;232;38;5;15:su=48;5;196;38;5;15:sg=48;5;11;38;5;16:ca=48;5;196;38;5;226:tw=48;5;10;38;5;16:ow=48;5;10;38;5;21:st=48;5;21;38;5;15:ex=38;5;34:*.tar=38;5;9:*.tgz=38;5;9:*.arc=38;5;9:*.arj=38;5;9:*.taz=38;5;9:*.lha=38;5;9:*.lz4=38;5;9:*.lzh=38;5;9:*.lzma=38;5;9:*.tlz=38;5;9:*.txz=38;5;9:*.tzo=38;5;9:*.t7z=38;5;9:*.zip=38;5;9:*.z=38;5;9:*.Z=38;5;9:*.dz=38;5;9:*.gz=38;5;9:*.lrz=38;5;9:*.lz=38;5;9:*.lzo=38;5;9:*.xz=38;5;9:*.bz2=38;5;9:*.bz=38;5;9:*.tbz=38;5;9:*.tbz2=38;5;9:*.tz=38;5;9:*.deb=38;5;9:*.rpm=38;5;9:*.jar=38;5;9:*.war=38;5;9:*.ear=38;5;9:*.sar=38;5;9:*.rar=38;5;9:*.alz=38;5;9:*.ace=38;5;9:*.zoo=38;5;9:*.cpio=38;5;9:*.7z=38;5;9:*.rz=38;5;9:*.cab=38;5;9:*.jpg=38;5;13:*.jpeg=38;5;13:*.gif=38;5;13:*.bmp=38;5;13:*.pbm=38;5;13:*.pgm=38;5;13:*.ppm=38;5;13:*.tga=38;5;13:*.xbm=38;5;13:*.xpm=38;5;13:*.tif=38;5;13:*.tiff=38;5;13:*.png=38;5;13:*.svg=38;5;13:*.svgz=38;5;13:*.mng=38;5;13:*.pcx=38;5;13:*.mov=38;5;13:*.mpg=38;5;13:*.mpeg=38;5;13:*.m2v=38;5;13:*.mkv=38;5;13:*.webm=38;5;13:*.ogm=38;5;13:*.mp4=38;5;13:*.m4v=38;5;13:*.mp4v=38;5;13:*.vob=38;5;13:*.qt=38;5;13:*.nuv=38;5;13:*.wmv=38;5;13:*.asf=38;5;13:*.rm=38;5;13:*.rmvb=38;5;13:*.flc=38;5;13:*.avi=38;5;13:*.fli=38;5;13:*.flv=38;5;13:*.gl=38;5;13:*.dl=38;5;13:*.xcf=38;5;13:*.xwd=38;5;13:*.yuv=38;5;13:*.cgm=38;5;13:*.emf=38;5;13:*.axv=38;5;13:*.anx=38;5;13:*.ogv=38;5;13:*.ogx=38;5;13:*.aac=38;5;45:*.au=38;5;45:*.flac=38;5;45:*.mid=38;5;45:*.midi=38;5;45:*.mka=38;5;45:*.mp3=38;5;45:*.mpc=38;5;45:*.ogg=38;5;45:*.ra=38;5;45:*.wav=38;5;45:*.axa=38;5;45:*.oga=38;5;45:*.spx=38;5;45:*.xspf=38;5;45:
# environment
XDG_SESSION_DESKTOP = gnome-classic
# environment
SSH_AUTH_SOCK = /run/user/552650/keyring/ssh
# automatic
%F = $(notdir $%)
# environment
KDEDIRS = /usr
# environment
DISPLAY = :0
# environment
IMSETTINGS_INTEGRATE_DESKTOP = yes
# environment
PWD = /home/cserv1_a/soc_msc/sc21jr/source/repos/c/comp1921/assignment_1
# environment
XDG_SEAT = seat0
# environment
SSH_AGENT_PID = 14595
# environment
HOME = /home/csunix/sc21jr
# environment
XDG_CACHE_HOME = /run/user/552650/xdgcache
# environment
VSCODE_CLI = 1
# environment
MODULESHOME = /usr/share/Modules
# environment
LOGNAME = sc21jr
# environment
APPLICATION_INSIGHTS_NO_DIAGNOSTIC_CHANNEL = true
# environment
ELECTRON_NO_ATTACH_CONSOLE = 1
# environment
VSCODE_HANDLES_UNCAUGHT_ERRORS = true
# default
MAKE_VERSION := 3.82
# environment
GNOME_DESKTOP_SESSION_ID = this-is-deprecated
# automatic
^D = $(patsubst %/,%,$(dir $^))
# environment
HOSTNAME = uol-pc-051693.leeds.ac.uk
# environment
XDG_VTNR = 1
# environment
MAKELEVEL := 0
# environment
VERBOSE_LOGGING = true
# environment
COLORTERM = truecolor
# default
MAKE = $(MAKE_COMMAND)
# default
MAKECMDGOALS := all
# environment
QT_IM_MODULE = ibus
# environment
SHLVL = 4
# makefile (from `makefile', line 2)
CC = gcc
# environment
GNOME_SHELL_SESSION_MODE = classic
# environment
XDG_SESSION_ID = 9290
# environment
AMD_ENTRYPOINT = vs/workbench/services/extensions/node/extensionHostProcess
# environment
USER = sc21jr
# environment
QTLIB = /usr/lib64/qt-3.3/lib
# environment
XDG_CURRENT_DESKTOP = GNOME-Classic:GNOME
# environment
PIPE_LOGGING = true
# automatic
%D = $(patsubst %/,%,$(dir $%))
# environment
define BASH_FUNC_module()
() {  eval `/usr/bin/modulecmd bash $*`
}
endef
# environment
VSCODE_PREVENT_FOREIGN_INSPECT = true
# default
MAKE_COMMAND := make
# environment
FENG_BASHRC = 1
# default
.VARIABLES := 
# environment
CVS_RSH = ssh
# environment
IMSETTINGS_MODULE = none
# automatic
*F = $(notdir $*)
# environment
VSCODE_IPC_HOOK = /run/user/552650/vscode-469a7097-1.31.1-main.sock
# makefile (from `makefile', line 6)
TARGETS = pgmEcho pgmComp pgma2b pgmb2a pgmReduce pgmTile
# makefile
MAKEFLAGS = Rrqp
# environment
MFLAGS = -Rrqp
# automatic
*D = $(patsubst %/,%,$(dir $*))
# environment
MAIL = /var/spool/mail/sc21jr
# environment
LOADEDMODULES = 
# automatic
+D = $(patsubst %/,%,$(dir $+))
# automatic
+F = $(notdir $+)
# default
MAKEFILES := 
# automatic
<F = $(notdir $<)
# environment
LC_ALL = C
# environment
GJS_DEBUG_TOPICS = JS ERROR;JS LOG
# environment
GNOME_TERMINAL_SCREEN = /org/gnome/Terminal/screen/d2bbc48c_459e_47da_a41a_3f1bc58f1593
# automatic
^F = $(notdir $^)
# environment
GNOME_TERMINAL_SERVICE = :1.127
# default
SUFFIXES := 
# environment
HISTSIZE = 1000
# environment
WINDOWPATH = 1
# default
.INCLUDE_DIRS = /usr/include /usr/local/include /usr/include
# environment
GJS_DEBUG_OUTPUT = stderr
# environment
QTINC = /usr/lib64/qt-3.3/include
# default
.RECIPEPREFIX := 
# makefile
.DEFAULT_GOAL := all
# environment
LANG = C
# environment
TERM = xterm-256color
# environment
WWW_HOME = http://www.comp.leeds.ac.uk
# variable set hash-table stats:
# Load=116/1024=11%, Rehash=0, Collisions=16/145=11%

# Pattern-specific Variable Values

# No pattern-specific variable values.

# Directories

# . (device 56, inode 151904643): 14 files, no impossibilities.

# 14 files, no impossibilities in 1 directories.

# Implicit Rules

# No implicit rules.

# Files

pgmb2a: pgmb2a.o pgmImage.o pgmErrors.o pgmRead.o pgmWrite.o
#  Implicit rule search has not been done.
#  Modification time never checked.
#  File has not been updated.
#  recipe to execute (from `makefile', line 28):
	${CC}	${CCFLAGS}	-o pgmb2a	pgmb2a.o ${MODULES}

pgmb2a.o: pgmb2a.c pgmRead.h pgmWrite.h pgmErrors.h pgmImage.h
#  Implicit rule search has not been done.
#  Modification time never checked.
#  File has not been updated.
#  recipe to execute (from `makefile', line 50):
	${CC}	-c ${CCFLAGS}	-o pgmb2a.o		pgmb2a.c 	

# Not a target:
pgmErrors.h:
#  Implicit rule search has not been done.
#  Modification time never checked.
#  File has not been updated.

pgmComp.o: pgmComp.c pgmRead.h pgmImage.h pgmErrors.h
#  Implicit rule search has not been done.
#  Modification time never checked.
#  File has not been updated.
#  recipe to execute (from `makefile', line 38):
	${CC}	-c ${CCFLAGS}	-o pgmComp.o	pgmComp.c 

pgmComp: pgmComp.o pgmImage.o pgmErrors.o pgmRead.o pgmWrite.o
#  Implicit rule search has not been done.
#  Modification time never checked.
#  File has not been updated.
#  recipe to execute (from `makefile', line 22):
	${CC}	${CCFLAGS}	-o pgmComp	pgmComp.o ${MODULES}

all: pgmEcho pgmComp pgma2b pgmb2a pgmReduce pgmTile
#  Command line target.
#  Implicit rule search has been done.
#  File does not exist.
#  File has not been updated.

# Not a target:
pgmEcho.c:
#  Implicit rule search has been done.
#  File does not exist.
#  File has not been updated.

# Not a target:
 
make: *** No rule to make target `pgmEcho.c', needed by `pgmEcho.o'.  Stop.

pgmReduce.c:
#  Implicit rule search has not been done.
#  Modification time never checked.
#  File has not been updated.

# Not a target:
pgmRead.c:
#  Implicit rule search has not been done.
#  Modification time never checked.
#  File has not been updated.

pgmImage.o: pgmImage.c pgmImage.h pgmErrors.h
#  Implicit rule search has not been done.
#  Modification time never checked.
#  File has not been updated.
#  recipe to execute (from `makefile', line 54):
	${CC}	-c ${CCFLAGS}	-o pgmImage.o	pgmImage.c	 	 

pgmTile: pgmTile.o pgmImage.o pgmErrors.o pgmRead.o pgmWrite.o
#  Implicit rule search has not been done.
#  Modification time never checked.
#  File has not been updated.
#  recipe to execute (from `makefile', line 31):
	${CC}	${CCFLAGS}	-o pgmTile pgmTile.o ${MODULES}

pgmTile.o: pgmTile.c pgmWrite.h pgmRead.h pgmImage.h pgmErrors.h
#  Implicit rule search has not been done.
#  Modification time never checked.
#  File has not been updated.
#  recipe to execute (from `makefile', line 44):
	${CC}	-c ${CCFLAGS}	-o pgmTile.o	pgmTile.c 

# Not a target:
pgma2b.c:
#  Implicit rule search has not been done.
#  Modification time never checked.
#  File has not been updated.

# Not a target:
.SUFFIXES:
#  Implicit rule search has not been done.
#  Modification time never checked.
#  File has not been updated.

# Not a target:
pgmRead.h:
#  Implicit rule search has not been done.
#  Modification time never checked.
#  File has not been updated.

pgmWrite.o: pgmWrite.c pgmImage.h pgmErrors.h
#  Implicit rule search has not been done.
#  Modification time never checked.
#  File has not been updated.
#  recipe to execute (from `makefile', line 60):
	${CC}	-c ${CCFLAGS}	-o pgmWrite.o	pgmWrite.c 

# Not a target:
makefile:
#  Implicit rule search has been done.
#  Last modified 2022-07-19 14:12:20.33046447
#  File has been updated.
#  Successfully updated.

# Not a target:
pgmb2a.c:
#  Implicit rule search has not been done.
#  Modification time never checked.
#  File has not been updated.

# Not a target:
pgmComp.c:
#  Implicit rule search has not been done.
#  Modification time never checked.
#  File has not been updated.

# Not a target:
pgmImage.c:
#  Implicit rule search has not been done.
#  Modification time never checked.
#  File has not been updated.

# Not a target:
pgmTile.c:
#  Implicit rule search has not been done.
#  Modification time never checked.
#  File has not been updated.

pgmErrors.o: pgmErrors.c pgmErrors.h
#  Implicit rule search has not been done.
#  Modification time never checked.
#  File has not been updated.
#  recipe to execute (from `makefile', line 57):
	${CC}   -c ${CCFLAGS}	-o pgmErrors.o	pgmErrors.c

# Not a target:
.DEFAULT:
#  Implicit rule search has not been done.
#  Modification time never checked.
#  File has not been updated.

# Not a target:
pgmImage.h:
#  Implicit rule search has not been done.
#  Modification time never checked.
#  File has not been updated.

clean:
#  Implicit rule search has not been done.
#  Modification time never checked.
#  File has not been updated.
#  recipe to execute (from `makefile', line 12):
	rm ${TARGETS} *.o

# Not a target:
pgmWrite.c:
#  Implicit rule search has not been done.
#  Modification time never checked.
#  File has not been updated.

pgmReduce: pgmReduce.o pgmImage.o pgmErrors.o pgmRead.o pgmWrite.o
#  Implicit rule search has not been done.
#  Modification time never checked.
#  File has not been updated.
#  recipe to execute (from `makefile', line 16):
	${CC}	${CCFLAGS}	-o pgmReduce pgmReduce.o ${MODULES}

pgmEcho: pgmEcho.o pgmImage.o pgmErrors.o pgmRead.o pgmWrite.o
#  Implicit rule search has not been done.
#  File does not exist.
#  File has not been updated.
#  recipe to execute (from `makefile', line 19):
	${CC}	${CCFLAGS}	-o pgmEcho	pgmEcho.o ${MODULES}

pgmReduce.o: pgmReduce.c pgmWrite.h pgmRead.h pgmImage.h pgmErrors.h
#  Implicit rule search has not been done.
#  Modification time never checked.
#  File has not been updated.
#  recipe to execute (from `makefile', line 41):
	${CC}	-c ${CCFLAGS}	-o pgmReduce.o	pgmReduce.c 

pgmRead.o: pgmRead.c pgmImage.h pgmErrors.h
#  Implicit rule search has not been done.
#  Modification time never checked.
#  File has not been updated.
#  recipe to execute (from `makefile', line 63):
	${CC}	-c ${CCFLAGS}	-o pgmRead.o	pgmRead.c 

# Not a target:
pgmWrite.h:
#  Implicit rule search has not been done.
#  Modification time never checked.
#  File has not been updated.

pgmEcho.o: pgmEcho.c pgmWrite.h pgmRead.h pgmImage.h pgmErrors.h
#  Implicit rule search has not been done.
#  File does not exist.
#  File has not been updated.
#  recipe to execute (from `makefile', line 35):
	${CC}	-c ${CCFLAGS}	-o pgmEcho.o	pgmEcho.c 

pgma2b: pgma2b.o pgmImage.o pgmErrors.o pgmRead.o pgmWrite.o
#  Implicit rule search has not been done.
#  Modification time never checked.
#  File has not been updated.
#  recipe to execute (from `makefile', line 25):
	${CC}	${CCFLAGS}	-o pgma2b	pgma2b.o ${MODULES}

pgma2b.o: pgma2b.c pgmRead.h pgmWrite.h pgmErrors.h pgmImage.h
#  Implicit rule search has not been done.
#  Modification time never checked.
#  File has not been updated.
#  recipe to execute (from `makefile', line 47):
	${CC}	-c ${CCFLAGS}	-o pgma2b.o		pgma2b.c 	

# Not a target:
pgmErrors.c:
#  Implicit rule search has not been done.
#  Modification time never checked.
#  File has not been updated.

# files hash-table stats:
# Load=35/1024=3%, Rehash=0, Collisions=3/138=2%
# VPATH Search Paths

# No `vpath' search paths.

# No general (`VPATH' variable) search path.

# # of strings in strcache: 0 / lookups = 135 / hits = 135
# # of strcache buffers: 1 (* 8176 B/buffer = 8176 B)
# strcache used: total = 0 (406) / max = 0 / min = 8176 / avg = 0
# strcache free: total = 0 (7770) / max = 0 / min = 8176 / avg = 0

# strcache hash-table stats:
# Load=42/8192=1%, Rehash=0, Collisions=4/135=3%
# Finished Make data base on Tue Jul 19 14:12:27 2022

 
